#
# There is insufficient memory for the Java Runtime Environment to continue.
# Native memory allocation (malloc) failed to allocate 806416 bytes for Chunk::new
# Possible reasons:
#   The system is out of physical RAM or swap space
#   In 32 bit mode, the process size limit was hit
# Possible solutions:
#   Reduce memory load on the system
#   Increase physical memory or swap space
#   Check if swap backing store is full
#   Use 64 bit Java on a 64 bit OS
#   Decrease Java heap size (-Xmx/-Xms)
#   Decrease number of Java threads
#   Decrease Java thread stack sizes (-Xss)
#   Set larger code cache with -XX:ReservedCodeCacheSize=
# This output file may be truncated or incomplete.
#
#  Out of Memory Error (allocation.cpp:390), pid=56816, tid=0x000000000000773c
#
# JRE version: Java(TM) SE Runtime Environment (8.0_111-b14) (build 1.8.0_111-b14)
# Java VM: Java HotSpot(TM) 64-Bit Server VM (25.111-b14 mixed mode windows-amd64 compressed oops)
# Failed to write core dump. Minidumps are not enabled by default on client versions of Windows
#

---------------  T H R E A D  ---------------

Current thread (0x000000001e06c800):  JavaThread "C2 CompilerThread2" daemon [_thread_in_native, id=30524, stack(0x000000001ea30000,0x000000001eb30000)]

Stack: [0x000000001ea30000,0x000000001eb30000]
[error occurred during error reporting (printing stack bounds), id 0xc0000005]

Native frames: (J=compiled Java code, j=interpreted, Vv=VM code, C=native code)


Current CompileTask:
C2:   4556 2611       4       org.apache.xmlbeans.impl.store.Saver::addMapping (334 bytes)


---------------  P R O C E S S  ---------------

Java Threads: ( => current thread )
  0x0000000020357000 JavaThread "Okio Watchdog" daemon [_thread_blocked, id=58256, stack(0x0000000021e50000,0x0000000021f50000)]
  0x0000000020356000 JavaThread "OkHttp ConnectionPool" daemon [_thread_blocked, id=32928, stack(0x0000000021d50000,0x0000000021e50000)]
  0x000000001f870800 JavaThread "ForkJoinPool.commonPool-worker-3" daemon [_thread_blocked, id=56896, stack(0x0000000021a50000,0x0000000021b50000)]
  0x000000001facb800 JavaThread "ForkJoinPool.commonPool-worker-2" daemon [_thread_blocked, id=56696, stack(0x0000000021950000,0x0000000021a50000)]
  0x000000001faca800 JavaThread "ForkJoinPool.commonPool-worker-1" daemon [_thread_blocked, id=58260, stack(0x0000000021750000,0x0000000021850000)]
  0x000000001fd97800 JavaThread "Keep-Alive-Timer" daemon [_thread_blocked, id=58264, stack(0x0000000021450000,0x0000000021550000)]
  0x000000001fd99000 JavaThread "Exec Stream Pumper" daemon [_thread_in_native, id=58200, stack(0x0000000021350000,0x0000000021450000)]
  0x000000001fd91800 JavaThread "Exec Stream Pumper" daemon [_thread_in_native, id=57152, stack(0x0000000021250000,0x0000000021350000)]
  0x000000001fd94000 JavaThread "UrlChecker-2" daemon [_thread_blocked, id=45036, stack(0x0000000021150000,0x0000000021250000)]
  0x0000000020342800 JavaThread "Exec Default Executor" daemon [_thread_in_native, id=26232, stack(0x0000000021040000,0x0000000021140000)]
  0x000000001f9d2000 JavaThread "ReaderThread" [_thread_in_native, id=27988, stack(0x0000000020b40000,0x0000000020c40000)]
  0x000000001e110000 JavaThread "Service Thread" daemon [_thread_blocked, id=58240, stack(0x000000001ec30000,0x000000001ed30000)]
  0x000000001e070800 JavaThread "C1 CompilerThread3" daemon [_thread_blocked, id=45112, stack(0x000000001eb30000,0x000000001ec30000)]
=>0x000000001e06c800 JavaThread "C2 CompilerThread2" daemon [_thread_in_native, id=30524, stack(0x000000001ea30000,0x000000001eb30000)]
  0x000000001e062800 JavaThread "C2 CompilerThread1" daemon [_thread_in_native, id=44676, stack(0x000000001e930000,0x000000001ea30000)]
  0x000000001e05e800 JavaThread "C2 CompilerThread0" daemon [_thread_in_native, id=34456, stack(0x000000001e830000,0x000000001e930000)]
  0x000000001e05d000 JavaThread "Attach Listener" daemon [_thread_blocked, id=51956, stack(0x000000001e730000,0x000000001e830000)]
  0x000000001e05a000 JavaThread "Signal Dispatcher" daemon [_thread_blocked, id=6136, stack(0x000000001e630000,0x000000001e730000)]
  0x000000001e050800 JavaThread "Finalizer" daemon [_thread_blocked, id=39032, stack(0x000000001e430000,0x000000001e530000)]
  0x00000000026b8000 JavaThread "Reference Handler" daemon [_thread_blocked, id=35360, stack(0x000000001df30000,0x000000001e030000)]
  0x00000000025c4000 JavaThread "main" [_thread_in_Java, id=30848, stack(0x00000000024c0000,0x00000000025c0000)]

Other Threads:
  0x000000001c159000 VMThread [stack: 0x000000001de30000,0x000000001df30000] [id=20084]
  0x000000001e13a800 WatcherThread [stack: 0x000000001ed30000,0x000000001ee30000] [id=14232]

VM state:not at safepoint (normal execution)

VM Mutex/Monitor currently owned by a thread: None

Heap:
 PSYoungGen      total 106496K, used 80425K [0x000000076b200000, 0x0000000773400000, 0x00000007c0000000)
  eden space 95744K, 73% used [0x000000076b200000,0x000000076f6fc640,0x0000000770f80000)
  from space 10752K, 90% used [0x0000000771a00000,0x000000077238de70,0x0000000772480000)
  to   space 10752K, 0% used [0x0000000770f80000,0x0000000770f80000,0x0000000771a00000)
 ParOldGen       total 129536K, used 16714K [0x00000006c1600000, 0x00000006c9480000, 0x000000076b200000)
  object space 129536K, 12% used [0x00000006c1600000,0x00000006c2652bd8,0x00000006c9480000)
 Metaspace       used 23797K, capacity 24498K, committed 24832K, reserved 1071104K
  class space    used 3010K, capacity 3210K, committed 3328K, reserved 1048576K

Card table byte_map: [0x0000000011a80000,0x0000000012280000] byte_map_base: 0x000000000e475000

Marking Bits: (ParMarkBitMap*) 0x000000006116a6c0
 Begin Bits: [0x0000000012fd0000, 0x0000000016f78000)
 End Bits:   [0x0000000016f78000, 0x000000001af20000)

Polling page: 0x0000000000c70000

CodeCache: size=245760Kb used=9399Kb max_used=9399Kb free=236361Kb
 bounds [0x00000000026c0000, 0x0000000003000000, 0x00000000116c0000]
 total_blobs=3098 nmethods=2666 adapters=344
 compilation: enabled

Compilation events (10 events):
Event: 4.507 Thread 0x000000001e070800 2732       1       org.apache.poi.POIXMLRelation::getRelationClass (5 bytes)
Event: 4.507 Thread 0x000000001e070800 nmethod 2732 0x0000000002fd7c10 code [0x0000000002fd7d60, 0x0000000002fd7e70]
Event: 4.507 Thread 0x000000001e070800 2733       2       org.apache.xerces.impl.XMLScanner::scanPseudoAttribute (362 bytes)
Event: 4.508 Thread 0x000000001e070800 nmethod 2733 0x0000000002fd7ed0 code [0x0000000002fd81a0, 0x0000000002fd8f98]
Event: 4.508 Thread 0x000000001e070800 2734       2       org.apache.xerces.impl.XMLEntityManager::print (1 bytes)
Event: 4.508 Thread 0x000000001e070800 nmethod 2734 0x0000000002fd9b10 code [0x0000000002fd9c60, 0x0000000002fd9d90]
Event: 4.511 Thread 0x000000001e070800 2735       1       java.io.FilePermission::access$000 (5 bytes)
Event: 4.511 Thread 0x000000001e070800 nmethod 2735 0x0000000002fd9e10 code [0x0000000002fd9f60, 0x0000000002fda050]
Event: 4.515 Thread 0x000000001e070800 2736       2       java.util.Collections::unmodifiableList (27 bytes)
Event: 4.516 Thread 0x000000001e070800 nmethod 2736 0x0000000002fda0d0 code [0x0000000002fda260, 0x0000000002fda698]

GC Heap History (10 events):
Event: 1.892 GC heap before
{Heap before GC invocations=1 (full 0):
 PSYoungGen      total 76288K, used 65536K [0x000000076b200000, 0x0000000770700000, 0x00000007c0000000)
  eden space 65536K, 100% used [0x000000076b200000,0x000000076f200000,0x000000076f200000)
  from space 10752K, 0% used [0x000000076fc80000,0x000000076fc80000,0x0000000770700000)
  to   space 10752K, 0% used [0x000000076f200000,0x000000076f200000,0x000000076fc80000)
 ParOldGen       total 175104K, used 0K [0x00000006c1600000, 0x00000006cc100000, 0x000000076b200000)
  object space 175104K, 0% used [0x00000006c1600000,0x00000006c1600000,0x00000006cc100000)
 Metaspace       used 15375K, capacity 15940K, committed 16256K, reserved 1062912K
  class space    used 1937K, capacity 2073K, committed 2176K, reserved 1048576K
Event: 1.906 GC heap after
Heap after GC invocations=1 (full 0):
 PSYoungGen      total 76288K, used 9968K [0x000000076b200000, 0x0000000770700000, 0x00000007c0000000)
  eden space 65536K, 0% used [0x000000076b200000,0x000000076b200000,0x000000076f200000)
  from space 10752K, 92% used [0x000000076f200000,0x000000076fbbc388,0x000000076fc80000)
  to   space 10752K, 0% used [0x000000076fc80000,0x000000076fc80000,0x0000000770700000)
 ParOldGen       total 175104K, used 88K [0x00000006c1600000, 0x00000006cc100000, 0x000000076b200000)
  object space 175104K, 0% used [0x00000006c1600000,0x00000006c1616010,0x00000006cc100000)
 Metaspace       used 15375K, capacity 15940K, committed 16256K, reserved 1062912K
  class space    used 1937K, capacity 2073K, committed 2176K, reserved 1048576K
}
Event: 3.622 GC heap before
{Heap before GC invocations=2 (full 0):
 PSYoungGen      total 76288K, used 73199K [0x000000076b200000, 0x0000000770700000, 0x00000007c0000000)
  eden space 65536K, 96% used [0x000000076b200000,0x000000076efbfc10,0x000000076f200000)
  from space 10752K, 92% used [0x000000076f200000,0x000000076fbbc388,0x000000076fc80000)
  to   space 10752K, 0% used [0x000000076fc80000,0x000000076fc80000,0x0000000770700000)
 ParOldGen       total 175104K, used 88K [0x00000006c1600000, 0x00000006cc100000, 0x000000076b200000)
  object space 175104K, 0% used [0x00000006c1600000,0x00000006c1616010,0x00000006cc100000)
 Metaspace       used 20489K, capacity 21084K, committed 21248K, reserved 1067008K
  class space    used 2575K, capacity 2721K, committed 2816K, reserved 1048576K
Event: 3.629 GC heap after
Heap after GC invocations=2 (full 0):
 PSYoungGen      total 76288K, used 10732K [0x000000076b200000, 0x0000000770700000, 0x00000007c0000000)
  eden space 65536K, 0% used [0x000000076b200000,0x000000076b200000,0x000000076f200000)
  from space 10752K, 99% used [0x000000076fc80000,0x00000007706fb2f0,0x0000000770700000)
  to   space 10752K, 0% used [0x000000076f200000,0x000000076f200000,0x000000076fc80000)
 ParOldGen       total 175104K, used 6144K [0x00000006c1600000, 0x00000006cc100000, 0x000000076b200000)
  object space 175104K, 3% used [0x00000006c1600000,0x00000006c1c002e8,0x00000006cc100000)
 Metaspace       used 20489K, capacity 21084K, committed 21248K, reserved 1067008K
  class space    used 2575K, capacity 2721K, committed 2816K, reserved 1048576K
}
Event: 3.629 GC heap before
{Heap before GC invocations=3 (full 1):
 PSYoungGen      total 76288K, used 10732K [0x000000076b200000, 0x0000000770700000, 0x00000007c0000000)
  eden space 65536K, 0% used [0x000000076b200000,0x000000076b200000,0x000000076f200000)
  from space 10752K, 99% used [0x000000076fc80000,0x00000007706fb2f0,0x0000000770700000)
  to   space 10752K, 0% used [0x000000076f200000,0x000000076f200000,0x000000076fc80000)
 ParOldGen       total 175104K, used 6144K [0x00000006c1600000, 0x00000006cc100000, 0x000000076b200000)
  object space 175104K, 3% used [0x00000006c1600000,0x00000006c1c002e8,0x00000006cc100000)
 Metaspace       used 20489K, capacity 21084K, committed 21248K, reserved 1067008K
  class space    used 2575K, capacity 2721K, committed 2816K, reserved 1048576K
Event: 3.659 GC heap after
Heap after GC invocations=3 (full 1):
 PSYoungGen      total 76288K, used 0K [0x000000076b200000, 0x0000000770700000, 0x00000007c0000000)
  eden space 65536K, 0% used [0x000000076b200000,0x000000076b200000,0x000000076f200000)
  from space 10752K, 0% used [0x000000076fc80000,0x000000076fc80000,0x0000000770700000)
  to   space 10752K, 0% used [0x000000076f200000,0x000000076f200000,0x000000076fc80000)
 ParOldGen       total 129536K, used 16609K [0x00000006c1600000, 0x00000006c9480000, 0x000000076b200000)
  object space 129536K, 12% used [0x00000006c1600000,0x00000006c2638590,0x00000006c9480000)
 Metaspace       used 20489K, capacity 21084K, committed 21248K, reserved 1067008K
  class space    used 2575K, capacity 2721K, committed 2816K, reserved 1048576K
}
Event: 4.246 GC heap before
{Heap before GC invocations=4 (full 1):
 PSYoungGen      total 76288K, used 65536K [0x000000076b200000, 0x0000000770700000, 0x00000007c0000000)
  eden space 65536K, 100% used [0x000000076b200000,0x000000076f200000,0x000000076f200000)
  from space 10752K, 0% used [0x000000076fc80000,0x000000076fc80000,0x0000000770700000)
  to   space 10752K, 0% used [0x000000076f200000,0x000000076f200000,0x000000076fc80000)
 ParOldGen       total 129536K, used 16609K [0x00000006c1600000, 0x00000006c9480000, 0x000000076b200000)
  object space 129536K, 12% used [0x00000006c1600000,0x00000006c2638590,0x00000006c9480000)
 Metaspace       used 23513K, capacity 24224K, committed 24448K, reserved 1071104K
  class space    used 2967K, capacity 3143K, committed 3200K, reserved 1048576K
Event: 4.252 GC heap after
Heap after GC invocations=4 (full 1):
 PSYoungGen      total 76288K, used 10732K [0x000000076b200000, 0x0000000772480000, 0x00000007c0000000)
  eden space 65536K, 0% used [0x000000076b200000,0x000000076b200000,0x000000076f200000)
  from space 10752K, 99% used [0x000000076f200000,0x000000076fc7b038,0x000000076fc80000)
  to   space 10752K, 0% used [0x0000000771a00000,0x0000000771a00000,0x0000000772480000)
 ParOldGen       total 129536K, used 16706K [0x00000006c1600000, 0x00000006c9480000, 0x000000076b200000)
  object space 129536K, 12% used [0x00000006c1600000,0x00000006c2650bd8,0x00000006c9480000)
 Metaspace       used 23513K, capacity 24224K, committed 24448K, reserved 1071104K
  class space    used 2967K, capacity 3143K, committed 3200K, reserved 1048576K
}
Event: 4.380 GC heap before
{Heap before GC invocations=5 (full 1):
 PSYoungGen      total 76288K, used 76268K [0x000000076b200000, 0x0000000772480000, 0x00000007c0000000)
  eden space 65536K, 100% used [0x000000076b200000,0x000000076f200000,0x000000076f200000)
  from space 10752K, 99% used [0x000000076f200000,0x000000076fc7b038,0x000000076fc80000)
  to   space 10752K, 0% used [0x0000000771a00000,0x0000000771a00000,0x0000000772480000)
 ParOldGen       total 129536K, used 16706K [0x00000006c1600000, 0x00000006c9480000, 0x000000076b200000)
  object space 129536K, 12% used [0x00000006c1600000,0x00000006c2650bd8,0x00000006c9480000)
 Metaspace       used 23517K, capacity 24224K, committed 24448K, reserved 1071104K
  class space    used 2967K, capacity 3143K, committed 3200K, reserved 1048576K
Event: 4.388 GC heap after
Heap after GC invocations=5 (full 1):
 PSYoungGen      total 106496K, used 9783K [0x000000076b200000, 0x0000000773400000, 0x00000007c0000000)
  eden space 95744K, 0% used [0x000000076b200000,0x000000076b200000,0x0000000770f80000)
  from space 10752K, 90% used [0x0000000771a00000,0x000000077238de70,0x0000000772480000)
  to   space 10752K, 0% used [0x0000000770f80000,0x0000000770f80000,0x0000000771a00000)
 ParOldGen       total 129536K, used 16714K [0x00000006c1600000, 0x00000006c9480000, 0x000000076b200000)
  object space 129536K, 12% used [0x00000006c1600000,0x00000006c2652bd8,0x00000006c9480000)
 Metaspace       used 23517K, capacity 24224K, committed 24448K, reserved 1071104K
  class space    used 2967K, capacity 3143K, committed 3200K, reserved 1048576K
}

Deoptimization events (10 events):
Event: 4.475 Thread 0x00000000025c4000 Uncommon trap: reason=unstable_if action=reinterpret pc=0x0000000002f09038 method=org.apache.xmlbeans.impl.store.Cur.isNormal()Z @ 60
Event: 4.475 Thread 0x00000000025c4000 Uncommon trap: reason=unstable_if action=reinterpret pc=0x0000000002f54380 method=org.apache.xmlbeans.impl.store.Cur.release()V @ 11
Event: 4.475 Thread 0x00000000025c4000 Uncommon trap: reason=unstable_if action=reinterpret pc=0x0000000002ef9d14 method=org.apache.xmlbeans.impl.store.Cur.isNormal()Z @ 60
Event: 4.475 Thread 0x00000000025c4000 Uncommon trap: reason=unstable_if action=reinterpret pc=0x0000000002f0d574 method=org.apache.xmlbeans.impl.store.Cur.isNormal()Z @ 60
Event: 4.478 Thread 0x00000000025c4000 Uncommon trap: reason=unstable_if action=reinterpret pc=0x0000000002db5194 method=org.apache.xmlbeans.QNameCache.equals(Ljavax/xml/namespace/QName;Ljava/lang/String;Ljava/lang/String;Ljava/lang/String;)Z @ 19
Event: 4.510 Thread 0x00000000025c4000 Uncommon trap: reason=unstable_if action=reinterpret pc=0x0000000002f3a234 method=org.apache.xmlbeans.impl.store.Cur$Locations.insert(III[I[I)I @ 36
Event: 4.510 Thread 0x00000000025c4000 Uncommon trap: reason=unstable_if action=reinterpret pc=0x0000000002f6bfc8 method=org.apache.xmlbeans.impl.store.Cur$Locations.remove(II[I[I)I @ 33
Event: 4.511 Thread 0x00000000025c4000 Uncommon trap: reason=unstable_if action=reinterpret pc=0x0000000002ec75c8 method=org.apache.xmlbeans.impl.store.Cur$Locations.insert(III[I[I)I @ 36
Event: 4.511 Thread 0x00000000025c4000 Uncommon trap: reason=unstable_if action=reinterpret pc=0x0000000002f3d4d0 method=org.apache.xmlbeans.impl.store.Cur$Locations.remove(II[I[I)I @ 33
Event: 4.521 Thread 0x00000000025c4000 Uncommon trap: reason=bimorphic action=maybe_recompile pc=0x0000000002e7d5a0 method=org.apache.xmlbeans.impl.store.Xobj.getUser()Lorg/apache/xmlbeans/impl/values/TypeStoreUser; @ 122

Internal exceptions (10 events):
Event: 3.759 Thread 0x00000000025c4000 Exception <a 'java/security/PrivilegedActionException'> (0x000000076bad4ef0) thrown at [C:\re\workspace\8-2-build-windows-amd64-cygwin\jdk8u111\7883\hotspot\src\share\vm\prims\jvm.cpp, line 1386]
Event: 3.760 Thread 0x00000000025c4000 Exception <a 'java/security/PrivilegedActionException'> (0x000000076baf07a0) thrown at [C:\re\workspace\8-2-build-windows-amd64-cygwin\jdk8u111\7883\hotspot\src\share\vm\prims\jvm.cpp, line 1386]
Event: 3.760 Thread 0x00000000025c4000 Exception <a 'java/security/PrivilegedActionException'> (0x000000076baf0d80) thrown at [C:\re\workspace\8-2-build-windows-amd64-cygwin\jdk8u111\7883\hotspot\src\share\vm\prims\jvm.cpp, line 1386]
Event: 3.760 Thread 0x00000000025c4000 Exception <a 'java/security/PrivilegedActionException'> (0x000000076bafc4e8) thrown at [C:\re\workspace\8-2-build-windows-amd64-cygwin\jdk8u111\7883\hotspot\src\share\vm\prims\jvm.cpp, line 1386]
Event: 3.760 Thread 0x00000000025c4000 Exception <a 'java/security/PrivilegedActionException'> (0x000000076bafcac8) thrown at [C:\re\workspace\8-2-build-windows-amd64-cygwin\jdk8u111\7883\hotspot\src\share\vm\prims\jvm.cpp, line 1386]
Event: 3.760 Thread 0x00000000025c4000 Exception <a 'java/security/PrivilegedActionException'> (0x000000076bb08548) thrown at [C:\re\workspace\8-2-build-windows-amd64-cygwin\jdk8u111\7883\hotspot\src\share\vm\prims\jvm.cpp, line 1386]
Event: 3.760 Thread 0x00000000025c4000 Exception <a 'java/security/PrivilegedActionException'> (0x000000076bb08b28) thrown at [C:\re\workspace\8-2-build-windows-amd64-cygwin\jdk8u111\7883\hotspot\src\share\vm\prims\jvm.cpp, line 1386]
Event: 3.760 Thread 0x00000000025c4000 Exception <a 'java/security/PrivilegedActionException'> (0x000000076bb14978) thrown at [C:\re\workspace\8-2-build-windows-amd64-cygwin\jdk8u111\7883\hotspot\src\share\vm\prims\jvm.cpp, line 1386]
Event: 3.760 Thread 0x00000000025c4000 Exception <a 'java/security/PrivilegedActionException'> (0x000000076bb14f58) thrown at [C:\re\workspace\8-2-build-windows-amd64-cygwin\jdk8u111\7883\hotspot\src\share\vm\prims\jvm.cpp, line 1386]
Event: 4.475 Thread 0x00000000025c4000 Implicit null exception at 0x0000000002f60c53 to 0x0000000002f60e81

Events (10 events):
Event: 4.521 Thread 0x00000000025c4000 DEOPT PACKING pc=0x0000000002e7d5a0 sp=0x00000000025bdd20
Event: 4.521 Thread 0x00000000025c4000 DEOPT UNPACKING pc=0x000000000270582a sp=0x00000000025bdcd0 mode 2
Event: 4.521 loading class org/openxmlformats/schemas/officeDocument/x2006/relationships/impl/STRelationshipIdImpl
Event: 4.521 loading class org/openxmlformats/schemas/officeDocument/x2006/relationships/impl/STRelationshipIdImpl done
Event: 4.522 loading class org/openxmlformats/schemas/officeDocument/x2006/relationships/STRelationshipId
Event: 4.522 loading class org/openxmlformats/schemas/officeDocument/x2006/relationships/STRelationshipId done
Event: 4.522 loading class org/openxmlformats/schemas/spreadsheetml/x2006/main/WorksheetDocument$Factory
Event: 4.522 loading class org/openxmlformats/schemas/spreadsheetml/x2006/main/WorksheetDocument$Factory done
Event: 4.523 loading class org/openxmlformats/schemas/spreadsheetml/x2006/main/WorksheetDocument
Event: 4.523 loading class org/openxmlformats/schemas/spreadsheetml/x2006/main/WorksheetDocument done


Dynamic libraries:
0x00007ff7995e0000 - 0x00007ff799617000 	C:\Program Files\Java\jre1.8.0_111\bin\javaw.exe
0x00007ff83fb20000 - 0x00007ff83fd10000 	C:\Windows\SYSTEM32\ntdll.dll
0x00007ff83ebe0000 - 0x00007ff83ec92000 	C:\Windows\System32\KERNEL32.DLL
0x00007ff83d8f0000 - 0x00007ff83db95000 	C:\Windows\System32\KERNELBASE.dll
0x00007ff83ac00000 - 0x00007ff83ac8f000 	C:\Windows\SYSTEM32\apphelp.dll
0x00007ff83dd50000 - 0x00007ff83ddf3000 	C:\Windows\System32\ADVAPI32.dll
0x00007ff83efa0000 - 0x00007ff83f03e000 	C:\Windows\System32\msvcrt.dll
0x00007ff83ead0000 - 0x00007ff83eb67000 	C:\Windows\System32\sechost.dll
0x00007ff83e010000 - 0x00007ff83e12f000 	C:\Windows\System32\RPCRT4.dll
0x00007ff83de70000 - 0x00007ff83e004000 	C:\Windows\System32\USER32.dll
0x00007ff83d570000 - 0x00007ff83d591000 	C:\Windows\System32\win32u.dll
0x00007ff83eca0000 - 0x00007ff83ecc6000 	C:\Windows\System32\GDI32.dll
0x00007ff83ca60000 - 0x00007ff83cbf8000 	C:\Windows\System32\gdi32full.dll
0x00007ff83d430000 - 0x00007ff83d4ce000 	C:\Windows\System32\msvcp_win.dll
0x00007ff83d790000 - 0x00007ff83d88a000 	C:\Windows\System32\ucrtbase.dll
0x00007ff82f7c0000 - 0x00007ff82fa44000 	C:\Windows\WinSxS\amd64_microsoft.windows.common-controls_6595b64144ccf1df_6.0.18362.1440_none_9e7dbfb9e45e8e67\COMCTL32.dll
0x00007ff83e140000 - 0x00007ff83e476000 	C:\Windows\System32\combase.dll
0x00007ff83d700000 - 0x00007ff83d781000 	C:\Windows\System32\bcryptPrimitives.dll
0x00007ff83f210000 - 0x00007ff83f23e000 	C:\Windows\System32\IMM32.DLL
0x00000000611f0000 - 0x00000000612c2000 	C:\Program Files\Java\jre1.8.0_111\bin\msvcr100.dll
0x0000000060950000 - 0x00000000611ea000 	C:\Program Files\Java\jre1.8.0_111\bin\server\jvm.dll
0x00007ff83eb70000 - 0x00007ff83eb78000 	C:\Windows\System32\PSAPI.DLL
0x00007ff833900000 - 0x00007ff833909000 	C:\Windows\SYSTEM32\WSOCK32.dll
0x00007ff830f00000 - 0x00007ff830f24000 	C:\Windows\SYSTEM32\WINMM.dll
0x00007ff832b40000 - 0x00007ff832b4a000 	C:\Windows\SYSTEM32\VERSION.dll
0x00007ff83ede0000 - 0x00007ff83ee4f000 	C:\Windows\System32\WS2_32.dll
0x00007ff830400000 - 0x00007ff83042d000 	C:\Windows\SYSTEM32\winmmbase.dll
0x00007ff83d520000 - 0x00007ff83d56a000 	C:\Windows\System32\cfgmgr32.dll
0x0000000060940000 - 0x000000006094f000 	C:\Program Files\Java\jre1.8.0_111\bin\verify.dll
0x0000000060910000 - 0x0000000060939000 	C:\Program Files\Java\jre1.8.0_111\bin\java.dll
0x00000000608f0000 - 0x0000000060906000 	C:\Program Files\Java\jre1.8.0_111\bin\zip.dll
0x00007ff83f240000 - 0x00007ff83f928000 	C:\Windows\System32\SHELL32.dll
0x00007ff83e4e0000 - 0x00007ff83e587000 	C:\Windows\System32\shcore.dll
0x00007ff83cc00000 - 0x00007ff83d37b000 	C:\Windows\System32\windows.storage.dll
0x00007ff83ca40000 - 0x00007ff83ca5e000 	C:\Windows\System32\profapi.dll
0x00007ff83c9d0000 - 0x00007ff83ca1a000 	C:\Windows\System32\powrprof.dll
0x00007ff83c9a0000 - 0x00007ff83c9b0000 	C:\Windows\System32\UMPDC.dll
0x00007ff83ecd0000 - 0x00007ff83ed22000 	C:\Windows\System32\shlwapi.dll
0x00007ff83c9b0000 - 0x00007ff83c9c1000 	C:\Windows\System32\kernel.appcore.dll
0x00007ff83d500000 - 0x00007ff83d517000 	C:\Windows\System32\cryptsp.dll
0x00000000608d0000 - 0x00000000608ea000 	C:\Program Files\Java\jre1.8.0_111\bin\net.dll
0x00007ff83c130000 - 0x00007ff83c197000 	C:\Windows\system32\mswsock.dll
0x00007ff83be90000 - 0x00007ff83bf5b000 	C:\Windows\SYSTEM32\DNSAPI.dll
0x00007ff83f200000 - 0x00007ff83f208000 	C:\Windows\System32\NSI.dll
0x00007ff83be50000 - 0x00007ff83be8a000 	C:\Windows\SYSTEM32\IPHLPAPI.DLL
0x00007ff8360b0000 - 0x00007ff8360ba000 	C:\Windows\System32\rasadhlp.dll
0x00007ff8378b0000 - 0x00007ff837927000 	C:\Windows\System32\fwpuclnt.dll
0x00007ff83d4d0000 - 0x00007ff83d4f6000 	C:\Windows\System32\bcrypt.dll
0x00007ff83bcc0000 - 0x00007ff83bcf3000 	C:\Windows\system32\rsaenh.dll
0x00007ff83c880000 - 0x00007ff83c8a5000 	C:\Windows\SYSTEM32\USERENV.dll
0x00007ff83c2b0000 - 0x00007ff83c2bc000 	C:\Windows\SYSTEM32\CRYPTBASE.dll
0x00007ff837990000 - 0x00007ff8379a6000 	C:\Windows\SYSTEM32\dhcpcsvc6.DLL
0x00007ff837c50000 - 0x00007ff837c6c000 	C:\Windows\SYSTEM32\dhcpcsvc.DLL
0x00000000608b0000 - 0x00000000608c1000 	C:\Program Files\Java\jre1.8.0_111\bin\nio.dll
0x000000005fd40000 - 0x000000005fd64000 	C:\Program Files\Java\jre1.8.0_111\bin\sunec.dll
0x00007ff8393d0000 - 0x00007ff8393e6000 	C:\Windows\system32\napinsp.dll
0x00007ff839340000 - 0x00007ff83935a000 	C:\Windows\system32\pnrpnsp.dll
0x00007ff8393c0000 - 0x00007ff8393ce000 	C:\Windows\System32\winrnr.dll
0x00007ff8388a0000 - 0x00007ff8388bc000 	C:\Windows\system32\NLAapi.dll
0x00007ff839320000 - 0x00007ff839335000 	C:\Windows\system32\wshbth.dll

VM Arguments:
jvm_args: -ea -Dfile.encoding=Cp1252 
java_command: org.testng.remote.RemoteTestNG -serport 54295 -protocol json -d D:\FocusSanity\FocusAI\test-output D:\FocusSanity\FocusAI\testng.xml
java_class_path (initial): E:\EclipseNeon\eclipse\configuration\org.eclipse.osgi\595\0\.cp\lib\testng-remote.jar;D:\FocusSanity\FocusAI\target\test-classes;D:\FocusSanity\FocusAI\target\classes;C:\Users\D.n\.m2\repository\org\seleniumhq\selenium\selenium-server\3.12.0\selenium-server-3.12.0.jar;C:\Users\D.n\.m2\repository\org\seleniumhq\selenium\selenium-api\3.12.0\selenium-api-3.12.0.jar;C:\Users\D.n\.m2\repository\org\seleniumhq\selenium\selenium-chrome-driver\3.12.0\selenium-chrome-driver-3.12.0.jar;C:\Users\D.n\.m2\repository\org\seleniumhq\selenium\selenium-edge-driver\3.12.0\selenium-edge-driver-3.12.0.jar;C:\Users\D.n\.m2\repository\org\seleniumhq\selenium\selenium-firefox-driver\3.12.0\selenium-firefox-driver-3.12.0.jar;C:\Users\D.n\.m2\repository\org\seleniumhq\selenium\selenium-ie-driver\3.12.0\selenium-ie-driver-3.12.0.jar;C:\Users\D.n\.m2\repository\org\seleniumhq\selenium\selenium-opera-driver\3.12.0\selenium-opera-driver-3.12.0.jar;C:\Users\D.n\.m2\repository\org\seleniumhq\selenium\selenium-remote-driver\3.12.0\selenium-remote-driver-3.12.0.jar;C:\Users\D.n\.m2\repository\org\seleniumhq\selenium\selenium-safari-driver\3.12.0\selenium-safari-driver-3.12.0.jar;C:\Users\D.n\.m2\repository\org\seleniumhq\selenium\selenium-support\3.12.0\selenium-support-3.12.0.jar;C:\Users\D.n\.m2\repository\com\beust\jcommander\1.72\jcommander-1.72.jar;C:\Users\D.n\.m2\repository\net\bytebuddy\byte-buddy\1.8.3\byte-buddy-1.8.3.jar;C:\Users\D.n\.m2\repository\org\apache\commons\commons-exec\1.3\commons-exec-1.3.jar;C:\Users\D.n\.m2\repository\org\apache\commons\commons-lang3\3.7\commons-lang3-3.7.jar;C:\Users\D.n\.m2\repository\org\apache\commons\commons-text\1.1\commons-text-1.1.jar;C:\Users\D.n\.m2\repository\commons-codec\commons-codec\1.10\commons-codec-1.10.jar;C:\Users\D.n\.m2\repository\commons-logging\commons-logging\1.2\commons-logging-1.2.jar;C:\Users\D.n\.m2\repository\commons-net\commons-net\3.6\commons-net-3.6.jar;C:\Users\D.n\.m2\repository\org\w3c\css\sac
Launcher Type: SUN_STANDARD

Environment Variables:
JAVA_HOME=C:\Program Files\Java\jdk1.8.0_111
PATH=C:/Program Files/Java/jre1.8.0_111/bin/server;C:/Program Files/Java/jre1.8.0_111/bin;C:/Program Files/Java/jre1.8.0_111/lib/amd64;C:\ProgramData\Oracle\Java\javapath;C:\Windows\system32;C:\Windows;C:\Windows\System32\Wbem;C:\Windows\System32\WindowsPowerShell\v1.0\;C:\Windows\System32\OpenSSH\;C:\Program Files\Microsoft SQL Server\Client SDK\ODBC\130\Tools\Binn\;C:\Program Files (x86)\Microsoft SQL Server\140\Tools\Binn\;C:\Program Files\Microsoft SQL Server\140\Tools\Binn\;C:\Program Files\Microsoft SQL Server\140\DTS\Binn\;C:\Program Files (x86)\Microsoft SQL Server\150\DTS\Binn\;C:\Program Files\Redis\;C:\Users\D.n\Desktop\apache-jmeter-5.3\bin;C:\Program Files\Java\jdk1.8.0_111\bin;C:\Users\D.n\AppData\Local\Microsoft\WindowsApps;E:\EclipseNeon\eclipse;
USERNAME=admin
OS=Windows_NT
PROCESSOR_IDENTIFIER=Intel64 Family 6 Model 60 Stepping 3, GenuineIntel



---------------  S Y S T E M  ---------------

OS: Windows 10.0 , 64 bit Build 18362 (10.0.18362.1350)

CPU:total 8 (4 cores per cpu, 2 threads per core) family 6 model 60 stepping 3, cmov, cx8, fxsr, mmx, sse, sse2, sse3, ssse3, sse4.1, sse4.2, popcnt, avx, avx2, aes, clmul, erms, lzcnt, ht, tsc, tscinvbit, bmi1, bmi2

Memory: 4k page, physical 16683224k(5194248k free), swap 47286868k(5180k free)

vm_info: Java HotSpot(TM) 64-Bit Server VM (25.111-b14) for windows-amd64 JRE (1.8.0_111-b14), built on Sep 22 2016 19:24:05 by "java_re" with MS VC++ 10.0 (VS2010)

time: Tue Apr 20 17:43:37 2021
elapsed time: 4 seconds (0d 0h 0m 4s)

